Build started 30.04.2015 23:38:55.
     1>Project "C:\Users\User\Git\IntelligenceProject\SOIA\Source\Programs\UnitTest\UnitTest.vcxproj" on node 4 (Rebuild target(s)).
     1>Rebuild:
         make rebuild
         make: *** No rule to make target 'rebuild'.  Stop.
     1>C:\Program Files (x86)\MSBuild\Microsoft.Cpp\v4.0\V120\Microsoft.MakeFile.Targets(43,5): error MSB3073: The command "make rebuild" exited with code 2.
     1>Done Building Project "C:\Users\User\Git\IntelligenceProject\SOIA\Source\Programs\UnitTest\UnitTest.vcxproj" (Rebuild target(s)) -- FAILED.

Build FAILED.

Time Elapsed 00:00:00.44
